[2016-09-23 17:01:00.128] -- [DEBUG] -- [localhost-startStop-1 >>>> LogFactory.java:135 >>>> Method = setImplementation] -- [Content = Logging initialized using 'class org.apache.ibatis.logging.slf4j.Slf4jImpl' adapter.]
[2016-09-23 17:01:00.265] -- [DEBUG] -- [localhost-startStop-1 >>>> SqlSessionFactoryBean.java:458 >>>> Method = buildSqlSessionFactory] -- [Content = Parsed configuration file: 'class path resource [mybatis/mybatis-config.xml]']
[2016-09-23 17:01:00.398] -- [DEBUG] -- [localhost-startStop-1 >>>> SqlSessionFactoryBean.java:490 >>>> Method = buildSqlSessionFactory] -- [Content = Parsed mapper file: 'file [E:\创新实践\MalariaProject\Basic-Single-Module-SSM\target\classes\module\user\mapper\SysUserMapper.xml]']
[2016-09-23 17:02:25.559] -- [DEBUG] -- [http-bio-8080-exec-7 >>>> SqlSessionUtils.java:99 >>>> Method = getSqlSession] -- [Content = Creating a new SqlSession]
[2016-09-23 17:02:25.568] -- [DEBUG] -- [http-bio-8080-exec-7 >>>> SqlSessionUtils.java:130 >>>> Method = registerSessionHolder] -- [Content = Registering transaction synchronization for SqlSession [org.apache.ibatis.session.defaults.DefaultSqlSession@3f871ea8]]
[2016-09-23 17:02:25.590] -- [DEBUG] -- [http-bio-8080-exec-7 >>>> SpringManagedTransaction.java:87 >>>> Method = openConnection] -- [Content = JDBC Connection [com.alibaba.druid.proxy.jdbc.ConnectionProxyImpl@885bc1a] will be managed by Spring]
[2016-09-23 17:02:25.600] -- [DEBUG] -- [http-bio-8080-exec-7 >>>> BaseJdbcLogger.java:145 >>>> Method = debug] -- [Content = ==>  Preparing: select `sys_user_id`, `sys_user_login_name`, `sys_user_login_password`, `sys_user_status`, `sys_user_is_delete`, `sys_user_register_datetime`, `sys_user_register_source`, `sys_user_type`, `sys_user_sex`, `sys_user_is_email_active`, `sys_user_is_mobile_active`, `sys_user_register_type`, `sys_user_pay_passwrod`, `sys_user_icon`, `sys_user_real_name`, `sys_user_email`, `sys_user_mobile`, `sys_user_weibo_id`, `sys_user_qq_id` from sys_user where `sys_user_id` = ? ]
[2016-09-23 17:02:25.673] -- [DEBUG] -- [http-bio-8080-exec-7 >>>> BaseJdbcLogger.java:145 >>>> Method = debug] -- [Content = ==> Parameters: 1(Long)]
[2016-09-23 17:02:25.797] -- [TRACE] -- [http-bio-8080-exec-7 >>>> BaseJdbcLogger.java:151 >>>> Method = trace] -- [Content = <==    Columns: sys_user_id, sys_user_login_name, sys_user_login_password, sys_user_status, sys_user_is_delete, sys_user_register_datetime, sys_user_register_source, sys_user_type, sys_user_sex, sys_user_is_email_active, sys_user_is_mobile_active, sys_user_register_type, sys_user_pay_passwrod, sys_user_icon, sys_user_real_name, sys_user_email, sys_user_mobile, sys_user_weibo_id, sys_user_qq_id]
[2016-09-23 17:02:25.799] -- [TRACE] -- [http-bio-8080-exec-7 >>>> BaseJdbcLogger.java:151 >>>> Method = trace] -- [Content = <==        Row: 1, YouMeek1, e10adc3949ba59abbe56e057f20f883e, 0, N, 2016-02-24 00:12:23.0, 0, 0, 0, Y, Y, 0, e10adc3949ba59abbe56e057f20f883e, , 张觉恩1, 363379441@qq.com, 13800000001, , ]
[2016-09-23 17:02:25.807] -- [DEBUG] -- [http-bio-8080-exec-7 >>>> BaseJdbcLogger.java:145 >>>> Method = debug] -- [Content = <==      Total: 1]
[2016-09-23 17:02:25.810] -- [DEBUG] -- [http-bio-8080-exec-7 >>>> SqlSessionUtils.java:188 >>>> Method = closeSqlSession] -- [Content = Releasing transactional SqlSession [org.apache.ibatis.session.defaults.DefaultSqlSession@3f871ea8]]
[2016-09-23 17:02:25.811] -- [DEBUG] -- [http-bio-8080-exec-7 >>>> SqlSessionUtils.java:312 >>>> Method = beforeCompletion] -- [Content = Transaction synchronization deregistering SqlSession [org.apache.ibatis.session.defaults.DefaultSqlSession@3f871ea8]]
[2016-09-23 17:02:25.812] -- [DEBUG] -- [http-bio-8080-exec-7 >>>> SqlSessionUtils.java:317 >>>> Method = beforeCompletion] -- [Content = Transaction synchronization closing SqlSession [org.apache.ibatis.session.defaults.DefaultSqlSession@3f871ea8]]
[2016-09-23 17:02:29.003] -- [DEBUG] -- [http-bio-8080-exec-9 >>>> SqlSessionUtils.java:99 >>>> Method = getSqlSession] -- [Content = Creating a new SqlSession]
[2016-09-23 17:02:29.003] -- [DEBUG] -- [http-bio-8080-exec-9 >>>> SqlSessionUtils.java:130 >>>> Method = registerSessionHolder] -- [Content = Registering transaction synchronization for SqlSession [org.apache.ibatis.session.defaults.DefaultSqlSession@474668b9]]
[2016-09-23 17:02:29.005] -- [DEBUG] -- [http-bio-8080-exec-9 >>>> SpringManagedTransaction.java:87 >>>> Method = openConnection] -- [Content = JDBC Connection [com.alibaba.druid.proxy.jdbc.ConnectionProxyImpl@885bc1a] will be managed by Spring]
[2016-09-23 17:02:29.005] -- [DEBUG] -- [http-bio-8080-exec-9 >>>> BaseJdbcLogger.java:145 >>>> Method = debug] -- [Content = ==>  Preparing: select `sys_user_id`, `sys_user_login_name`, `sys_user_login_password`, `sys_user_status`, `sys_user_is_delete`, `sys_user_register_datetime`, `sys_user_register_source`, `sys_user_type`, `sys_user_sex`, `sys_user_is_email_active`, `sys_user_is_mobile_active`, `sys_user_register_type`, `sys_user_pay_passwrod`, `sys_user_icon`, `sys_user_real_name`, `sys_user_email`, `sys_user_mobile`, `sys_user_weibo_id`, `sys_user_qq_id` from sys_user where `sys_user_id` = ? ]
[2016-09-23 17:02:29.005] -- [DEBUG] -- [http-bio-8080-exec-9 >>>> BaseJdbcLogger.java:145 >>>> Method = debug] -- [Content = ==> Parameters: 1(Long)]
[2016-09-23 17:02:29.010] -- [TRACE] -- [http-bio-8080-exec-9 >>>> BaseJdbcLogger.java:151 >>>> Method = trace] -- [Content = <==    Columns: sys_user_id, sys_user_login_name, sys_user_login_password, sys_user_status, sys_user_is_delete, sys_user_register_datetime, sys_user_register_source, sys_user_type, sys_user_sex, sys_user_is_email_active, sys_user_is_mobile_active, sys_user_register_type, sys_user_pay_passwrod, sys_user_icon, sys_user_real_name, sys_user_email, sys_user_mobile, sys_user_weibo_id, sys_user_qq_id]
[2016-09-23 17:02:29.012] -- [TRACE] -- [http-bio-8080-exec-9 >>>> BaseJdbcLogger.java:151 >>>> Method = trace] -- [Content = <==        Row: 1, YouMeek1, e10adc3949ba59abbe56e057f20f883e, 0, N, 2016-02-24 00:12:23.0, 0, 0, 0, Y, Y, 0, e10adc3949ba59abbe56e057f20f883e, , 张觉恩1, 363379441@qq.com, 13800000001, , ]
[2016-09-23 17:02:29.016] -- [DEBUG] -- [http-bio-8080-exec-9 >>>> BaseJdbcLogger.java:145 >>>> Method = debug] -- [Content = <==      Total: 1]
[2016-09-23 17:02:29.017] -- [DEBUG] -- [http-bio-8080-exec-9 >>>> SqlSessionUtils.java:188 >>>> Method = closeSqlSession] -- [Content = Releasing transactional SqlSession [org.apache.ibatis.session.defaults.DefaultSqlSession@474668b9]]
[2016-09-23 17:02:29.017] -- [DEBUG] -- [http-bio-8080-exec-9 >>>> SqlSessionUtils.java:312 >>>> Method = beforeCompletion] -- [Content = Transaction synchronization deregistering SqlSession [org.apache.ibatis.session.defaults.DefaultSqlSession@474668b9]]
[2016-09-23 17:02:29.018] -- [DEBUG] -- [http-bio-8080-exec-9 >>>> SqlSessionUtils.java:317 >>>> Method = beforeCompletion] -- [Content = Transaction synchronization closing SqlSession [org.apache.ibatis.session.defaults.DefaultSqlSession@474668b9]]
